0 info it worked if it ends with ok
1 verbose cli [ 'X:\\cmder\\bin\\node.exe',
1 verbose cli   'X:\\cmder\\bin\\node_modules\\npm\\bin\\npm-cli.js',
1 verbose cli   'view' ]
2 info using npm@3.10.10
3 info using node@v6.11.2
4 silly mapToRegistry name theisland
5 silly mapToRegistry using default registry
6 silly mapToRegistry registry https://registry.npmjs.org/
7 silly mapToRegistry data Result {
7 silly mapToRegistry   raw: 'theisland',
7 silly mapToRegistry   scope: null,
7 silly mapToRegistry   escapedName: 'theisland',
7 silly mapToRegistry   name: 'theisland',
7 silly mapToRegistry   rawSpec: '',
7 silly mapToRegistry   spec: 'latest',
7 silly mapToRegistry   type: 'tag' }
8 silly mapToRegistry uri https://registry.npmjs.org/theisland
9 verbose request uri https://registry.npmjs.org/theisland
10 verbose request no auth needed
11 info attempt registry request try #1 at 13:32:03
12 verbose request id 8d289134543be5b5
13 http request GET https://registry.npmjs.org/theisland
14 http 404 https://registry.npmjs.org/theisland
15 verbose headers { 'content-type': 'application/json',
15 verbose headers   'cache-control': 'max-age=0',
15 verbose headers   'content-length': '2',
15 verbose headers   'accept-ranges': 'bytes',
15 verbose headers   date: 'Wed, 18 Apr 2018 11:32:05 GMT',
15 verbose headers   via: '1.1 varnish',
15 verbose headers   connection: 'keep-alive',
15 verbose headers   'x-served-by': 'cache-bma7025-BMA',
15 verbose headers   'x-cache': 'MISS',
15 verbose headers   'x-cache-hits': '0',
15 verbose headers   'x-timer': 'S1524051124.936278,VS0,VE1922',
15 verbose headers   vary: 'Accept-Encoding' }
16 silly get cb [ 404,
16 silly get   { 'content-type': 'application/json',
16 silly get     'cache-control': 'max-age=0',
16 silly get     'content-length': '2',
16 silly get     'accept-ranges': 'bytes',
16 silly get     date: 'Wed, 18 Apr 2018 11:32:05 GMT',
16 silly get     via: '1.1 varnish',
16 silly get     connection: 'keep-alive',
16 silly get     'x-served-by': 'cache-bma7025-BMA',
16 silly get     'x-cache': 'MISS',
16 silly get     'x-cache-hits': '0',
16 silly get     'x-timer': 'S1524051124.936278,VS0,VE1922',
16 silly get     vary: 'Accept-Encoding' } ]
17 verbose stack Error: Registry returned 404 for GET on https://registry.npmjs.org/theisland
17 verbose stack     at makeError (X:\cmder\bin\node_modules\npm\node_modules\npm-registry-client\lib\request.js:302:12)
17 verbose stack     at CachingRegistryClient.<anonymous> (X:\cmder\bin\node_modules\npm\node_modules\npm-registry-client\lib\request.js:280:14)
17 verbose stack     at Request._callback (X:\cmder\bin\node_modules\npm\node_modules\npm-registry-client\lib\request.js:210:14)
17 verbose stack     at Request.self.callback (X:\cmder\bin\node_modules\npm\node_modules\request\request.js:187:22)
17 verbose stack     at emitTwo (events.js:106:13)
17 verbose stack     at Request.emit (events.js:191:7)
17 verbose stack     at Request.<anonymous> (X:\cmder\bin\node_modules\npm\node_modules\request\request.js:1048:10)
17 verbose stack     at emitOne (events.js:96:13)
17 verbose stack     at Request.emit (events.js:188:7)
17 verbose stack     at IncomingMessage.<anonymous> (X:\cmder\bin\node_modules\npm\node_modules\request\request.js:969:12)
18 verbose statusCode 404
19 verbose pkgid theisland
20 verbose cwd X:\theIsland
21 error Windows_NT 10.0.16299
22 error argv "X:\\cmder\\bin\\node.exe" "X:\\cmder\\bin\\node_modules\\npm\\bin\\npm-cli.js" "view"
23 error node v6.11.2
24 error npm  v3.10.10
25 error code E404
26 error 404 Registry returned 404 for GET on https://registry.npmjs.org/theisland
27 error 404
28 error 404 'theisland' is not in the npm registry.
29 error 404 You should bug the author to publish it (or use the name yourself!)
30 error 404 Note that you can also install from a
31 error 404 tarball, folder, http url, or git url.
32 verbose exit [ 1, true ]
